\BOOKMARK [1][-]{section.1}{Introduction}{}% 1
\BOOKMARK [2][-]{subsection.1.1}{Motivation}{section.1}% 2
\BOOKMARK [2][-]{subsection.1.2}{Goals of Work}{section.1}% 3
\BOOKMARK [2][-]{subsection.1.3}{Summary of contributions}{section.1}% 4
\BOOKMARK [1][-]{section.2}{Inversion in Functional Languages}{}% 5
\BOOKMARK [1][-]{section.3}{Approach to Automatic Function Inversion in Haskell}{}% 6
\BOOKMARK [2][-]{subsection.3.1}{Functional-logic extension of Haskell}{section.3}% 7
\BOOKMARK [2][-]{subsection.3.2}{Example: Inverse Generation for List Concatenation}{section.3}% 8
\BOOKMARK [2][-]{subsection.3.3}{Primitive types}{section.3}% 9
\BOOKMARK [2][-]{subsection.3.4}{Partial inverses}{section.3}% 10
\BOOKMARK [1][-]{section.4}{Evaluating the GHC Plugin}{}% 11
\BOOKMARK [2][-]{subsection.4.1}{Experiments}{section.4}% 12
\BOOKMARK [3][-]{subsubsection.4.1.1}{Free Fall}{subsection.4.1}% 13
\BOOKMARK [3][-]{subsubsection.4.1.2}{Run Length encoding}{subsection.4.1}% 14
\BOOKMARK [3][-]{subsubsection.4.1.3}{TEA Tiny encryption algorithm}{subsection.4.1}% 15
\BOOKMARK [2][-]{subsection.4.2}{Benchmarks}{section.4}% 16
\BOOKMARK [2][-]{subsection.4.3}{Limitations, Problems encountered}{section.4}% 17
\BOOKMARK [1][-]{section.5}{Conclusion}{}% 18
\BOOKMARK [2][-]{subsection.5.1}{Further Work}{section.5}% 19
\BOOKMARK [1][-]{appendix.A}{Appendix}{}% 20
\BOOKMARK [2][-]{subsection.A.1}{Compression.hs}{appendix.A}% 21
\BOOKMARK [2][-]{subsection.A.2}{Encryption.hs}{appendix.A}% 22
\BOOKMARK [2][-]{subsection.A.3}{Simulation.hs}{appendix.A}% 23
\BOOKMARK [2][-]{subsection.A.4}{PartialInverses.hs}{appendix.A}% 24
\BOOKMARK [2][-]{subsection.A.5}{Main.hs}{appendix.A}% 25
\BOOKMARK [2][-]{subsection.A.6}{Error Messages}{appendix.A}% 26
